# JRE version: OpenJDK Runtime Environment (8.0_292-b10) (build 1.8.0_292-b10)
# Java VM: OpenJDK 64-Bit Server VM (25.292-b10 mixed mode windows-amd64 compressed oops)
Heap:
 PSYoungGen      total 115712K, used 55739K [0x00000000d5580000, 0x00000000e1880000, 0x0000000100000000)
  eden space 101888K, 54% used [0x00000000d5580000,0x00000000d8beec70,0x00000000db900000)
  from space 13824K, 0% used [0x00000000db900000,0x00000000db900000,0x00000000dc680000)
  to   space 13312K, 0% used [0x00000000e0b80000,0x00000000e0b80000,0x00000000e1880000)
 ParOldGen       total 97792K, used 15721K [0x0000000080000000, 0x0000000085f80000, 0x00000000d5580000)
  object space 97792K, 16% used [0x0000000080000000,0x0000000080f5a710,0x0000000085f80000)
 Metaspace       used 36460K, capacity 38278K, committed 38400K, reserved 1081344K
  class space    used 5220K, capacity 5613K, committed 5632K, reserved 1048576K
GC Heap History (10 events):
Event: 3.953 GC heap before
{Heap before GC invocations=5 (full 1):
 PSYoungGen      total 73728K, used 10219K [0x00000000d5580000, 0x00000000de580000, 0x0000000100000000)
  eden space 63488K, 0% used [0x00000000d5580000,0x00000000d5580000,0x00000000d9380000)
  from space 10240K, 99% used [0x00000000d9d80000,0x00000000da77ad70,0x00000000da780000)
  to   space 10240K, 0% used [0x00000000d9380000,0x00000000d9380000,0x00000000d9d80000)
 ParOldGen       total 167936K, used 1256K [0x0000000080000000, 0x000000008a400000, 0x00000000d5580000)
  object space 167936K, 0% used [0x0000000080000000,0x000000008013a340,0x000000008a400000)
 Metaspace       used 20580K, capacity 21296K, committed 21296K, reserved 1067008K
  class space    used 2978K, capacity 3200K, committed 3200K, reserved 1048576K
Event: 3.982 GC heap after
Heap after GC invocations=5 (full 1):
 PSYoungGen      total 73728K, used 0K [0x00000000d5580000, 0x00000000de580000, 0x0000000100000000)
  eden space 63488K, 0% used [0x00000000d5580000,0x00000000d5580000,0x00000000d9380000)
  from space 10240K, 0% used [0x00000000d9d80000,0x00000000d9d80000,0x00000000da780000)
  to   space 10240K, 0% used [0x00000000d9380000,0x00000000d9380000,0x00000000d9d80000)
 ParOldGen       total 97792K, used 10424K [0x0000000080000000, 0x0000000085f80000, 0x00000000d5580000)
  object space 97792K, 10% used [0x0000000080000000,0x0000000080a2e1b0,0x0000000085f80000)
 Metaspace       used 20580K, capacity 21296K, committed 21296K, reserved 1067008K
  class space    used 2978K, capacity 3200K, committed 3200K, reserved 1048576K
}
Event: 4.641 GC heap before
{Heap before GC invocations=6 (full 1):
 PSYoungGen      total 73728K, used 63488K [0x00000000d5580000, 0x00000000de580000, 0x0000000100000000)
  eden space 63488K, 100% used [0x00000000d5580000,0x00000000d9380000,0x00000000d9380000)
  from space 10240K, 0% used [0x00000000d9d80000,0x00000000d9d80000,0x00000000da780000)
  to   space 10240K, 0% used [0x00000000d9380000,0x00000000d9380000,0x00000000d9d80000)
 ParOldGen       total 97792K, used 10424K [0x0000000080000000, 0x0000000085f80000, 0x00000000d5580000)
  object space 97792K, 10% used [0x0000000080000000,0x0000000080a2e1b0,0x0000000085f80000)
 Metaspace       used 24258K, capacity 25482K, committed 25728K, reserved 1071104K
  class space    used 3612K, capacity 3895K, committed 3968K, reserved 1048576K
Event: 4.645 GC heap after
Heap after GC invocations=6 (full 1):
 PSYoungGen      total 73728K, used 5462K [0x00000000d5580000, 0x00000000dd400000, 0x0000000100000000)
  eden space 63488K, 0% used [0x00000000d5580000,0x00000000d5580000,0x00000000d9380000)
  from space 10240K, 53% used [0x00000000d9380000,0x00000000d98d5960,0x00000000d9d80000)
  to   space 13824K, 0% used [0x00000000dc680000,0x00000000dc680000,0x00000000dd400000)
 ParOldGen       total 97792K, used 10432K [0x0000000080000000, 0x0000000085f80000, 0x00000000d5580000)
  object space 97792K, 10% used [0x0000000080000000,0x0000000080a301b0,0x0000000085f80000)
 Metaspace       used 24258K, capacity 25482K, committed 25728K, reserved 1071104K
  class space    used 3612K, capacity 3895K, committed 3968K, reserved 1048576K
}
Event: 5.317 GC heap before
{Heap before GC invocations=7 (full 1):
 PSYoungGen      total 73728K, used 68950K [0x00000000d5580000, 0x00000000dd400000, 0x0000000100000000)
  eden space 63488K, 100% used [0x00000000d5580000,0x00000000d9380000,0x00000000d9380000)
  from space 10240K, 53% used [0x00000000d9380000,0x00000000d98d5960,0x00000000d9d80000)
  to   space 13824K, 0% used [0x00000000dc680000,0x00000000dc680000,0x00000000dd400000)
 ParOldGen       total 97792K, used 10432K [0x0000000080000000, 0x0000000085f80000, 0x00000000d5580000)
  object space 97792K, 10% used [0x0000000080000000,0x0000000080a301b0,0x0000000085f80000)
 Metaspace       used 31769K, capacity 33198K, committed 33408K, reserved 1077248K
  class space    used 4636K, capacity 4920K, committed 4992K, reserved 1048576K
Event: 5.325 GC heap after
Heap after GC invocations=7 (full 1):
 PSYoungGen      total 115712K, used 10255K [0x00000000d5580000, 0x00000000dd480000, 0x0000000100000000)
  eden space 101888K, 0% used [0x00000000d5580000,0x00000000d5580000,0x00000000db900000)
  from space 13824K, 74% used [0x00000000dc680000,0x00000000dd083de8,0x00000000dd400000)
  to   space 13824K, 0% used [0x00000000db900000,0x00000000db900000,0x00000000dc680000)
 ParOldGen       total 97792K, used 10440K [0x0000000080000000, 0x0000000085f80000, 0x00000000d5580000)
  object space 97792K, 10% used [0x0000000080000000,0x0000000080a321b0,0x0000000085f80000)
 Metaspace       used 31769K, capacity 33198K, committed 33408K, reserved 1077248K
  class space    used 4636K, capacity 4920K, committed 4992K, reserved 1048576K
}
Event: 5.594 GC heap before
{Heap before GC invocations=8 (full 1):
 PSYoungGen      total 115712K, used 38263K [0x00000000d5580000, 0x00000000dd480000, 0x0000000100000000)
  eden space 101888K, 27% used [0x00000000d5580000,0x00000000d70da160,0x00000000db900000)
  from space 13824K, 74% used [0x00000000dc680000,0x00000000dd083de8,0x00000000dd400000)
  to   space 13824K, 0% used [0x00000000db900000,0x00000000db900000,0x00000000dc680000)
 ParOldGen       total 97792K, used 10440K [0x0000000080000000, 0x0000000085f80000, 0x00000000d5580000)
  object space 97792K, 10% used [0x0000000080000000,0x0000000080a321b0,0x0000000085f80000)
 Metaspace       used 33793K, capacity 35302K, committed 35456K, reserved 1079296K
  class space    used 4821K, capacity 5141K, committed 5248K, reserved 1048576K
Event: 5.604 GC heap after
Heap after GC invocations=8 (full 1):
 PSYoungGen      total 115712K, used 8089K [0x00000000d5580000, 0x00000000e1880000, 0x0000000100000000)
  eden space 101888K, 0% used [0x00000000d5580000,0x00000000d5580000,0x00000000db900000)
  from space 13824K, 58% used [0x00000000db900000,0x00000000dc0e65a8,0x00000000dc680000)
  to   space 13312K, 0% used [0x00000000e0b80000,0x00000000e0b80000,0x00000000e1880000)
 ParOldGen       total 97792K, used 10448K [0x0000000080000000, 0x0000000085f80000, 0x00000000d5580000)
  object space 97792K, 10% used [0x0000000080000000,0x0000000080a341b0,0x0000000085f80000)
 Metaspace       used 33793K, capacity 35302K, committed 35456K, reserved 1079296K
  class space    used 4821K, capacity 5141K, committed 5248K, reserved 1048576K
}
Event: 5.604 GC heap before
{Heap before GC invocations=9 (full 2):
 PSYoungGen      total 115712K, used 8089K [0x00000000d5580000, 0x00000000e1880000, 0x0000000100000000)
  eden space 101888K, 0% used [0x00000000d5580000,0x00000000d5580000,0x00000000db900000)
  from space 13824K, 58% used [0x00000000db900000,0x00000000dc0e65a8,0x00000000dc680000)
  to   space 13312K, 0% used [0x00000000e0b80000,0x00000000e0b80000,0x00000000e1880000)
 ParOldGen       total 97792K, used 10448K [0x0000000080000000, 0x0000000085f80000, 0x00000000d5580000)
  object space 97792K, 10% used [0x0000000080000000,0x0000000080a341b0,0x0000000085f80000)
 Metaspace       used 33793K, capacity 35302K, committed 35456K, reserved 1079296K
  class space    used 4821K, capacity 5141K, committed 5248K, reserved 1048576K
Event: 5.691 GC heap after
Heap after GC invocations=9 (full 2):
 PSYoungGen      total 115712K, used 0K [0x00000000d5580000, 0x00000000e1880000, 0x0000000100000000)
  eden space 101888K, 0% used [0x00000000d5580000,0x00000000d5580000,0x00000000db900000)
  from space 13824K, 0% used [0x00000000db900000,0x00000000db900000,0x00000000dc680000)
  to   space 13312K, 0% used [0x00000000e0b80000,0x00000000e0b80000,0x00000000e1880000)
 ParOldGen       total 97792K, used 15721K [0x0000000080000000, 0x0000000085f80000, 0x00000000d5580000)
  object space 97792K, 16% used [0x0000000080000000,0x0000000080f5a710,0x0000000085f80000)
 Metaspace       used 33782K, capacity 35266K, committed 35456K, reserved 1079296K
  class space    used 4818K, capacity 5135K, committed 5248K, reserved 1048576K
}

