# JRE version: OpenJDK Runtime Environment (8.0_292-b10) (build 1.8.0_292-b10)
# Java VM: OpenJDK 64-Bit Server VM (25.292-b10 mixed mode windows-amd64 compressed oops)
Heap:
 PSYoungGen      total 196608K, used 121311K [0x00000000d5580000, 0x00000000e2a80000, 0x0000000100000000)
  eden space 183296K, 58% used [0x00000000d5580000,0x00000000dbefef90,0x00000000e0880000)
  from space 13312K, 99% used [0x00000000e0900000,0x00000000e15f8ee0,0x00000000e1600000)
  to   space 17408K, 0% used [0x00000000e1980000,0x00000000e1980000,0x00000000e2a80000)
 ParOldGen       total 147456K, used 21688K [0x0000000080000000, 0x0000000089000000, 0x00000000d5580000)
  object space 147456K, 14% used [0x0000000080000000,0x000000008152e1e8,0x0000000089000000)
 Metaspace       used 51946K, capacity 54700K, committed 55040K, reserved 1095680K
  class space    used 7339K, capacity 7870K, committed 7936K, reserved 1048576K
GC Heap History (10 events):
Event: 4.521 GC heap before
{Heap before GC invocations=7 (full 1):
 PSYoungGen      total 73728K, used 68933K [0x00000000d5580000, 0x00000000dd400000, 0x0000000100000000)
  eden space 63488K, 100% used [0x00000000d5580000,0x00000000d9380000,0x00000000d9380000)
  from space 10240K, 53% used [0x00000000d9380000,0x00000000d98d1410,0x00000000d9d80000)
  to   space 13824K, 0% used [0x00000000dc680000,0x00000000dc680000,0x00000000dd400000)
 ParOldGen       total 99328K, used 10443K [0x0000000080000000, 0x0000000086100000, 0x00000000d5580000)
  object space 99328K, 10% used [0x0000000080000000,0x0000000080a32f18,0x0000000086100000)
 Metaspace       used 31796K, capacity 33272K, committed 33408K, reserved 1077248K
  class space    used 4643K, capacity 4921K, committed 4992K, reserved 1048576K
Event: 4.527 GC heap after
Heap after GC invocations=7 (full 1):
 PSYoungGen      total 115712K, used 10267K [0x00000000d5580000, 0x00000000dd500000, 0x0000000100000000)
  eden space 101888K, 0% used [0x00000000d5580000,0x00000000d5580000,0x00000000db900000)
  from space 13824K, 74% used [0x00000000dc680000,0x00000000dd086fe0,0x00000000dd400000)
  to   space 13824K, 0% used [0x00000000db900000,0x00000000db900000,0x00000000dc680000)
 ParOldGen       total 99328K, used 10451K [0x0000000080000000, 0x0000000086100000, 0x00000000d5580000)
  object space 99328K, 10% used [0x0000000080000000,0x0000000080a34f18,0x0000000086100000)
 Metaspace       used 31796K, capacity 33272K, committed 33408K, reserved 1077248K
  class space    used 4643K, capacity 4921K, committed 4992K, reserved 1048576K
}
Event: 4.750 GC heap before
{Heap before GC invocations=8 (full 1):
 PSYoungGen      total 115712K, used 37960K [0x00000000d5580000, 0x00000000dd500000, 0x0000000100000000)
  eden space 101888K, 27% used [0x00000000d5580000,0x00000000d708b0d8,0x00000000db900000)
  from space 13824K, 74% used [0x00000000dc680000,0x00000000dd086fe0,0x00000000dd400000)
  to   space 13824K, 0% used [0x00000000db900000,0x00000000db900000,0x00000000dc680000)
 ParOldGen       total 99328K, used 10451K [0x0000000080000000, 0x0000000086100000, 0x00000000d5580000)
  object space 99328K, 10% used [0x0000000080000000,0x0000000080a34f18,0x0000000086100000)
 Metaspace       used 33829K, capacity 35312K, committed 35456K, reserved 1079296K
  class space    used 4828K, capacity 5142K, committed 5248K, reserved 1048576K
Event: 4.778 GC heap after
Heap after GC invocations=8 (full 1):
 PSYoungGen      total 115712K, used 8080K [0x00000000d5580000, 0x00000000e2600000, 0x0000000100000000)
  eden space 101888K, 0% used [0x00000000d5580000,0x00000000d5580000,0x00000000db900000)
  from space 13824K, 58% used [0x00000000db900000,0x00000000dc0e4020,0x00000000dc680000)
  to   space 13312K, 0% used [0x00000000e1900000,0x00000000e1900000,0x00000000e2600000)
 ParOldGen       total 99328K, used 10459K [0x0000000080000000, 0x0000000086100000, 0x00000000d5580000)
  object space 99328K, 10% used [0x0000000080000000,0x0000000080a36f18,0x0000000086100000)
 Metaspace       used 33829K, capacity 35312K, committed 35456K, reserved 1079296K
  class space    used 4828K, capacity 5142K, committed 5248K, reserved 1048576K
}
Event: 4.778 GC heap before
{Heap before GC invocations=9 (full 2):
 PSYoungGen      total 115712K, used 8080K [0x00000000d5580000, 0x00000000e2600000, 0x0000000100000000)
  eden space 101888K, 0% used [0x00000000d5580000,0x00000000d5580000,0x00000000db900000)
  from space 13824K, 58% used [0x00000000db900000,0x00000000dc0e4020,0x00000000dc680000)
  to   space 13312K, 0% used [0x00000000e1900000,0x00000000e1900000,0x00000000e2600000)
 ParOldGen       total 99328K, used 10459K [0x0000000080000000, 0x0000000086100000, 0x00000000d5580000)
  object space 99328K, 10% used [0x0000000080000000,0x0000000080a36f18,0x0000000086100000)
 Metaspace       used 33829K, capacity 35312K, committed 35456K, reserved 1079296K
  class space    used 4828K, capacity 5142K, committed 5248K, reserved 1048576K
Event: 4.852 GC heap after
Heap after GC invocations=9 (full 2):
 PSYoungGen      total 115712K, used 0K [0x00000000d5580000, 0x00000000e2600000, 0x0000000100000000)
  eden space 101888K, 0% used [0x00000000d5580000,0x00000000d5580000,0x00000000db900000)
  from space 13824K, 0% used [0x00000000db900000,0x00000000db900000,0x00000000dc680000)
  to   space 13312K, 0% used [0x00000000e1900000,0x00000000e1900000,0x00000000e2600000)
 ParOldGen       total 147456K, used 15676K [0x0000000080000000, 0x0000000089000000, 0x00000000d5580000)
  object space 147456K, 10% used [0x0000000080000000,0x0000000080f4f2a8,0x0000000089000000)
 Metaspace       used 33816K, capacity 35270K, committed 35456K, reserved 1079296K
  class space    used 4824K, capacity 5135K, committed 5248K, reserved 1048576K
}
Event: 6.539 GC heap before
{Heap before GC invocations=10 (full 2):
 PSYoungGen      total 115712K, used 101888K [0x00000000d5580000, 0x00000000e2600000, 0x0000000100000000)
  eden space 101888K, 100% used [0x00000000d5580000,0x00000000db900000,0x00000000db900000)
  from space 13824K, 0% used [0x00000000db900000,0x00000000db900000,0x00000000dc680000)
  to   space 13312K, 0% used [0x00000000e1900000,0x00000000e1900000,0x00000000e2600000)
 ParOldGen       total 147456K, used 15676K [0x0000000080000000, 0x0000000089000000, 0x00000000d5580000)
  object space 147456K, 10% used [0x0000000080000000,0x0000000080f4f2a8,0x0000000089000000)
 Metaspace       used 40614K, capacity 42478K, committed 42624K, reserved 1085440K
  class space    used 5779K, capacity 6168K, committed 6272K, reserved 1048576K
Event: 6.549 GC heap after
Heap after GC invocations=10 (full 2):
 PSYoungGen      total 158208K, used 10076K [0x00000000d5580000, 0x00000000e2300000, 0x0000000100000000)
  eden space 147968K, 0% used [0x00000000d5580000,0x00000000d5580000,0x00000000de600000)
  from space 10240K, 98% used [0x00000000e1900000,0x00000000e22d7200,0x00000000e2300000)
  to   space 13312K, 0% used [0x00000000e0900000,0x00000000e0900000,0x00000000e1600000)
 ParOldGen       total 147456K, used 15684K [0x0000000080000000, 0x0000000089000000, 0x00000000d5580000)
  object space 147456K, 10% used [0x0000000080000000,0x0000000080f512a8,0x0000000089000000)
 Metaspace       used 40614K, capacity 42478K, committed 42624K, reserved 1085440K
  class space    used 5779K, capacity 6168K, committed 6272K, reserved 1048576K
}
Event: 8.760 GC heap before
{Heap before GC invocations=11 (full 2):
 PSYoungGen      total 158208K, used 158044K [0x00000000d5580000, 0x00000000e2300000, 0x0000000100000000)
  eden space 147968K, 100% used [0x00000000d5580000,0x00000000de600000,0x00000000de600000)
  from space 10240K, 98% used [0x00000000e1900000,0x00000000e22d7200,0x00000000e2300000)
  to   space 13312K, 0% used [0x00000000e0900000,0x00000000e0900000,0x00000000e1600000)
 ParOldGen       total 147456K, used 15684K [0x0000000080000000, 0x0000000089000000, 0x00000000d5580000)
  object space 147456K, 10% used [0x0000000080000000,0x0000000080f512a8,0x0000000089000000)
 Metaspace       used 47623K, capacity 50074K, committed 50304K, reserved 1091584K
  class space    used 6810K, capacity 7279K, committed 7296K, reserved 1048576K
Event: 8.771 GC heap after
Heap after GC invocations=11 (full 2):
 PSYoungGen      total 196608K, used 13283K [0x00000000d5580000, 0x00000000e2a80000, 0x0000000100000000)
  eden space 183296K, 0% used [0x00000000d5580000,0x00000000d5580000,0x00000000e0880000)
  from space 13312K, 99% used [0x00000000e0900000,0x00000000e15f8ee0,0x00000000e1600000)
  to   space 17408K, 0% used [0x00000000e1980000,0x00000000e1980000,0x00000000e2a80000)
 ParOldGen       total 147456K, used 21688K [0x0000000080000000, 0x0000000089000000, 0x00000000d5580000)
  object space 147456K, 14% used [0x0000000080000000,0x000000008152e1e8,0x0000000089000000)
 Metaspace       used 47623K, capacity 50074K, committed 50304K, reserved 1091584K
  class space    used 6810K, capacity 7279K, committed 7296K, reserved 1048576K
}

